Base path: /Applications/Unity/Unity.app/Contents
Cmd: initializeCompiler
Cmd: preprocess
  insize=754 outsize=337 ok=1
Cmd: preprocess
  insize=412 outsize=409 ok=1
Cmd: preprocess
  insize=942 outsize=468 ok=1
Cmd: preprocess
  insize=1224 outsize=357 ok=1
Cmd: preprocess
  insize=22393 outsize=3778 ok=1
Cmd: compileComputeKernel
  api=14 insize=1435 outsize=6521 ok=1
Cmd: translateComputeKernel
  api=14 insize=6557 outsize=1317 ok=1
Cmd: compileComputeKernel
  api=14 insize=3273 outsize=6617 ok=1
Cmd: compileComputeKernel
  api=15 insize=3273 outsize=10405 ok=1
Cmd: preprocess
  insize=514 outsize=1317 ok=1
Cmd: preprocess
  insize=3083 outsize=1599 ok=1
Cmd: preprocess
  insize=1069 outsize=1436 ok=1
Cmd: preprocess
  insize=995 outsize=314 ok=1
Cmd: preprocess
  insize=826 outsize=398 ok=1
Cmd: preprocess
  insize=1330 outsize=608 ok=1
Cmd: preprocess
  insize=561 outsize=231 ok=1
Cmd: compileComputeKernel
  api=14 insize=1526 outsize=7549 ok=1
Cmd: translateComputeKernel
  api=14 insize=7549 outsize=3561 ok=1
Cmd: preprocess
  insize=797 outsize=438 ok=1
Cmd: preprocess
  insize=1009 outsize=449 ok=1
Cmd: preprocess
  insize=1460 outsize=399 ok=1
Cmd: preprocess
  insize=5130 outsize=3778 ok=1
Cmd: preprocess
  insize=894 outsize=358 ok=1
Cmd: compileComputeKernel
  api=14 insize=2343 outsize=7345 ok=1
Cmd: preprocess
  insize=1156 outsize=572 ok=1
Cmd: preprocess
  insize=1525 outsize=387 ok=1
